c:\users\jkr\source\repos\sdizo\sdizo\debug\sdizo.pch
c:\users\jkr\source\repos\sdizo\sdizo\debug\vc140.pdb
c:\users\jkr\source\repos\sdizo\sdizo\debug\vc140.idb
c:\users\jkr\source\repos\sdizo\sdizo\debug\stdafx.obj
c:\users\jkr\source\repos\sdizo\sdizo\debug\appcontroller.obj
c:\users\jkr\source\repos\sdizo\sdizo\debug\appmenu.obj
c:\users\jkr\source\repos\sdizo\sdizo\debug\array.obj
c:\users\jkr\source\repos\sdizo\sdizo\debug\arraycontroller.obj
c:\users\jkr\source\repos\sdizo\sdizo\debug\arraymenu.obj
c:\users\jkr\source\repos\sdizo\sdizo\debug\genericcontroller.obj
c:\users\jkr\source\repos\sdizo\sdizo\debug\list.obj
c:\users\jkr\source\repos\sdizo\sdizo\debug\listcontroller.obj
c:\users\jkr\source\repos\sdizo\sdizo\debug\listmenu.obj
c:\users\jkr\source\repos\sdizo\sdizo\debug\sdizo.obj
c:\users\jkr\source\repos\sdizo\sdizo\debug\sdizo.pdb
c:\users\jkr\source\repos\sdizo\sdizo\debug\sdizo.tlog\cl.command.1.tlog
c:\users\jkr\source\repos\sdizo\sdizo\debug\sdizo.tlog\cl.read.1.tlog
c:\users\jkr\source\repos\sdizo\sdizo\debug\sdizo.tlog\cl.write.1.tlog
c:\users\jkr\source\repos\sdizo\sdizo\debug\sdizo.tlog\link-cvtres.read.1.tlog
c:\users\jkr\source\repos\sdizo\sdizo\debug\sdizo.tlog\link-cvtres.write.1.tlog
c:\users\jkr\source\repos\sdizo\sdizo\debug\sdizo.tlog\link-rc.read.1.tlog
c:\users\jkr\source\repos\sdizo\sdizo\debug\sdizo.tlog\link-rc.write.1.tlog
c:\users\jkr\source\repos\sdizo\sdizo\debug\sdizo.tlog\link.command.1.tlog
c:\users\jkr\source\repos\sdizo\sdizo\debug\sdizo.tlog\link.read.1.tlog
c:\users\jkr\source\repos\sdizo\sdizo\debug\sdizo.tlog\link.write.1.tlog
