  stdafx.cpp
  genericTestController.cpp
c:\users\krzem\documents\repa\sdizo\sdizo\source\controllers\testcontrollers\generictestcontroller\genericTestController.h(3): fatal error C1083: Cannot open include file: 'source\structures\genericStructure\GenericStructure.h': No such file or directory
  rbTree.cpp
c:\users\krzem\documents\repa\sdizo\sdizo\source\structures\rbtree\../genericStructure/GenericStructure.h(3): fatal error C1083: Cannot open include file: 'stdafx.h': No such file or directory
  rbTreeController.cpp
c:\users\krzem\documents\repa\sdizo\sdizo\source\controllers\rbtreecontroller\..\genericController\GenericController.h(3): fatal error C1083: Cannot open include file: 'stdafx.h': No such file or directory
  rbTreeMenu.cpp
c:\users\krzem\documents\repa\sdizo\sdizo\source\views\rbtree\..\genericView\GenericView.h(3): fatal error C1083: Cannot open include file: 'stdafx.h': No such file or directory
  AppController.cpp
c:\users\krzem\documents\repa\sdizo\sdizo\source\controllers\appcontroller\../genericController/GenericController.h(3): fatal error C1083: Cannot open include file: 'stdafx.h': No such file or directory
  appMenu.cpp
c:\users\krzem\documents\repa\sdizo\sdizo\source\views\app\../genericView/GenericView.h(3): fatal error C1083: Cannot open include file: 'stdafx.h': No such file or directory
  Array.cpp
c:\users\krzem\documents\repa\sdizo\sdizo\source\structures\array\../genericStructure/GenericStructure.h(3): fatal error C1083: Cannot open include file: 'stdafx.h': No such file or directory
  ArrayController.cpp
c:\users\krzem\documents\repa\sdizo\sdizo\source\controllers\arraycontroller\../genericController/GenericController.h(3): fatal error C1083: Cannot open include file: 'stdafx.h': No such file or directory
  ArrayMenu.cpp
c:\users\krzem\documents\repa\sdizo\sdizo\source\views\array\../genericView/GenericView.h(3): fatal error C1083: Cannot open include file: 'stdafx.h': No such file or directory
  BSTController.cpp
source\controllers\bstController\BSTController.cpp(2): fatal error C1083: Cannot open include file: 'source\controllers\bstController\BSTController.h': No such file or directory
  BSTMenu.cpp
c:\users\krzem\documents\repa\sdizo\sdizo\source\views\bst\../genericView/GenericView.h(3): fatal error C1083: Cannot open include file: 'stdafx.h': No such file or directory
  BST.cpp
c:\users\krzem\documents\repa\sdizo\sdizo\source\structures\bst\../genericStructure/GenericStructure.h(3): fatal error C1083: Cannot open include file: 'stdafx.h': No such file or directory
  GenericController.cpp
c:\users\krzem\documents\repa\sdizo\sdizo\source\controllers\genericcontroller\GenericController.h(3): fatal error C1083: Cannot open include file: 'stdafx.h': No such file or directory
  Heap.cpp
c:\users\krzem\documents\repa\sdizo\sdizo\source\structures\heap\../genericStructure/GenericStructure.h(3): fatal error C1083: Cannot open include file: 'stdafx.h': No such file or directory
  HeapController.cpp
c:\users\krzem\documents\repa\sdizo\sdizo\source\controllers\heapcontroller\../genericController/GenericController.h(3): fatal error C1083: Cannot open include file: 'stdafx.h': No such file or directory
  heapMenu.cpp
c:\users\krzem\documents\repa\sdizo\sdizo\source\views\heap\../genericView/GenericView.h(3): fatal error C1083: Cannot open include file: 'stdafx.h': No such file or directory
  List.cpp
c:\users\krzem\documents\repa\sdizo\sdizo\source\structures\list\../genericStructure/GenericStructure.h(3): fatal error C1083: Cannot open include file: 'stdafx.h': No such file or directory
  ListController.cpp
c:\users\krzem\documents\repa\sdizo\sdizo\source\controllers\listcontroller\../genericController/GenericController.h(3): fatal error C1083: Cannot open include file: 'stdafx.h': No such file or directory
  listMenu.cpp
c:\users\krzem\documents\repa\sdizo\sdizo\source\views\list\../genericView/GenericView.h(3): fatal error C1083: Cannot open include file: 'stdafx.h': No such file or directory
  sdizo.cpp
c:\users\krzem\documents\repa\sdizo\sdizo\source\controllers\appcontroller\../genericController/GenericController.h(3): fatal error C1083: Cannot open include file: 'stdafx.h': No such file or directory
  Compiling...
  structureTestController.cpp
c:\users\krzem\documents\repa\sdizo\sdizo\source\controllers\testcontrollers\structuretestcontroller\structureTestController.h(2): fatal error C1083: Cannot open include file: 'source\controllers\testControllers\genericTestController\genericTestController.h': No such file or directory
  treeTestController.cpp
source\controllers\testControllers\treeTestController\treeTestController.cpp(2): fatal error C1083: Cannot open include file: 'source\controllers\testControllers\treeTestController\treeTestController.h': No such file or directory
