c:\users\krzem\documents\repa\sdizo\sdizo\x64\release\sdizo.pch
c:\users\krzem\documents\repa\sdizo\sdizo\x64\release\vc140.pdb
c:\users\krzem\documents\repa\sdizo\sdizo\x64\release\stdafx.obj
c:\users\krzem\documents\repa\sdizo\sdizo\x64\release\sdizo.obj
c:\users\krzem\documents\repa\sdizo\sdizo\x64\release\listmenu.obj
c:\users\krzem\documents\repa\sdizo\sdizo\x64\release\listcontroller.obj
c:\users\krzem\documents\repa\sdizo\sdizo\x64\release\list.obj
c:\users\krzem\documents\repa\sdizo\sdizo\x64\release\heapmenu.obj
c:\users\krzem\documents\repa\sdizo\sdizo\x64\release\heapcontroller.obj
c:\users\krzem\documents\repa\sdizo\sdizo\x64\release\heap.obj
c:\users\krzem\documents\repa\sdizo\sdizo\x64\release\genericcontroller.obj
c:\users\krzem\documents\repa\sdizo\sdizo\x64\release\bst.obj
c:\users\krzem\documents\repa\sdizo\sdizo\x64\release\bstmenu.obj
c:\users\krzem\documents\repa\sdizo\sdizo\x64\release\bstcontroller.obj
c:\users\krzem\documents\repa\sdizo\sdizo\x64\release\arraymenu.obj
c:\users\krzem\documents\repa\sdizo\sdizo\x64\release\arraycontroller.obj
c:\users\krzem\documents\repa\sdizo\sdizo\x64\release\array.obj
c:\users\krzem\documents\repa\sdizo\sdizo\x64\release\appmenu.obj
c:\users\krzem\documents\repa\sdizo\sdizo\x64\release\appcontroller.obj
c:\users\krzem\documents\repa\sdizo\sdizo\x64\release\rbtreemenu.obj
c:\users\krzem\documents\repa\sdizo\sdizo\x64\release\rbtreecontroller.obj
c:\users\krzem\documents\repa\sdizo\sdizo\x64\release\rbtree.obj
c:\users\krzem\documents\repa\sdizo\sdizo\x64\release\generictestcontroller.obj
c:\users\krzem\documents\repa\sdizo\sdizo\x64\release\treetestcontroller.obj
c:\users\krzem\documents\repa\sdizo\sdizo\x64\release\structuretestcontroller.obj
c:\users\krzem\documents\repa\sdizo\sdizo\x64\release\sdizo.exe
c:\users\krzem\documents\repa\sdizo\sdizo\x64\release\sdizo.ipdb
c:\users\krzem\documents\repa\sdizo\sdizo\x64\release\sdizo.iobj
c:\users\krzem\documents\repa\sdizo\sdizo\x64\release\sdizo.pdb
c:\users\krzem\documents\repa\sdizo\sdizo\x64\release\sdizo.res
c:\users\krzem\documents\repa\sdizo\sdizo\x64\release\sdizo.tlog\cl.command.1.tlog
c:\users\krzem\documents\repa\sdizo\sdizo\x64\release\sdizo.tlog\cl.read.1.tlog
c:\users\krzem\documents\repa\sdizo\sdizo\x64\release\sdizo.tlog\cl.write.1.tlog
c:\users\krzem\documents\repa\sdizo\sdizo\x64\release\sdizo.tlog\link.command.1.tlog
c:\users\krzem\documents\repa\sdizo\sdizo\x64\release\sdizo.tlog\link.read.1.tlog
c:\users\krzem\documents\repa\sdizo\sdizo\x64\release\sdizo.tlog\link.write.1.tlog
c:\users\krzem\documents\repa\sdizo\sdizo\x64\release\sdizo.tlog\rc.command.1.tlog
c:\users\krzem\documents\repa\sdizo\sdizo\x64\release\sdizo.tlog\rc.read.1.tlog
c:\users\krzem\documents\repa\sdizo\sdizo\x64\release\sdizo.tlog\rc.write.1.tlog
