e:\sdizo\sdizo\x64\debug\sdizo.pch
e:\sdizo\sdizo\x64\debug\vc120.pdb
e:\sdizo\sdizo\x64\debug\vc120.idb
e:\sdizo\sdizo\x64\debug\stdafx.obj
e:\sdizo\sdizo\x64\debug\rbtreecontroller.obj
e:\sdizo\sdizo\x64\debug\rbtreemenu.obj
e:\sdizo\sdizo\x64\debug\appcontroller.obj
e:\sdizo\sdizo\x64\debug\appmenu.obj
e:\sdizo\sdizo\x64\debug\array.obj
e:\sdizo\sdizo\x64\debug\arraycontroller.obj
e:\sdizo\sdizo\x64\debug\arraymenu.obj
e:\sdizo\sdizo\x64\debug\bstcontroller.obj
e:\sdizo\sdizo\x64\debug\bstmenu.obj
e:\sdizo\sdizo\x64\debug\bst.obj
e:\sdizo\sdizo\x64\debug\genericcontroller.obj
e:\sdizo\sdizo\x64\debug\heap.obj
e:\sdizo\sdizo\x64\debug\heapcontroller.obj
e:\sdizo\sdizo\x64\debug\heapmenu.obj
e:\sdizo\sdizo\x64\debug\list.obj
e:\sdizo\sdizo\x64\debug\listcontroller.obj
e:\sdizo\sdizo\x64\debug\listmenu.obj
e:\sdizo\sdizo\x64\debug\sdizo.obj
e:\sdizo\sdizo\x64\debug\structuretestcontroller.obj
e:\sdizo\sdizo\x64\debug\treetestcontroller.obj
e:\sdizo\sdizo\x64\debug\generictestcontroller.obj
e:\sdizo\sdizo\x64\debug\rbtree.obj
e:\sdizo\sdizo\x64\debug\sdizo.ilk
e:\sdizo\sdizo\x64\debug\sdizo.exe
e:\sdizo\sdizo\x64\debug\sdizo.pdb
e:\sdizo\sdizo\x64\debug\sdizo.res
c:\users\krzem\documents\repa\sdizo\sdizo\x64\debug\appcontroller.obj
c:\users\krzem\documents\repa\sdizo\sdizo\x64\debug\appmenu.obj
c:\users\krzem\documents\repa\sdizo\sdizo\x64\debug\array.obj
c:\users\krzem\documents\repa\sdizo\sdizo\x64\debug\arraycontroller.obj
c:\users\krzem\documents\repa\sdizo\sdizo\x64\debug\arraymenu.obj
c:\users\krzem\documents\repa\sdizo\sdizo\x64\debug\bst.obj
c:\users\krzem\documents\repa\sdizo\sdizo\x64\debug\bstcontroller.obj
c:\users\krzem\documents\repa\sdizo\sdizo\x64\debug\bstmenu.obj
c:\users\krzem\documents\repa\sdizo\sdizo\x64\debug\genericcontroller.obj
c:\users\krzem\documents\repa\sdizo\sdizo\x64\debug\generictestcontroller.obj
c:\users\krzem\documents\repa\sdizo\sdizo\x64\debug\heap.obj
c:\users\krzem\documents\repa\sdizo\sdizo\x64\debug\heapcontroller.obj
c:\users\krzem\documents\repa\sdizo\sdizo\x64\debug\heapmenu.obj
c:\users\krzem\documents\repa\sdizo\sdizo\x64\debug\list.obj
c:\users\krzem\documents\repa\sdizo\sdizo\x64\debug\listcontroller.obj
c:\users\krzem\documents\repa\sdizo\sdizo\x64\debug\listmenu.obj
c:\users\krzem\documents\repa\sdizo\sdizo\x64\debug\rbtree.obj
c:\users\krzem\documents\repa\sdizo\sdizo\x64\debug\rbtreecontroller.obj
c:\users\krzem\documents\repa\sdizo\sdizo\x64\debug\rbtreemenu.obj
c:\users\krzem\documents\repa\sdizo\sdizo\x64\debug\sdizo.obj
c:\users\krzem\documents\repa\sdizo\sdizo\x64\debug\stdafx.obj
c:\users\krzem\documents\repa\sdizo\sdizo\x64\debug\structuretestcontroller.obj
c:\users\krzem\documents\repa\sdizo\sdizo\x64\debug\treetestcontroller.obj
c:\users\krzem\documents\repa\sdizo\sdizo\x64\debug\sdizo.ilk
c:\users\krzem\documents\repa\sdizo\sdizo\x64\debug\sdizo.res
c:\users\krzem\documents\repa\sdizo\sdizo\x64\debug\sdizo.pch
c:\users\krzem\documents\repa\sdizo\sdizo\x64\debug\vc120.idb
c:\users\krzem\documents\repa\sdizo\sdizo\x64\debug\vc140.idb
c:\users\krzem\documents\repa\sdizo\sdizo\x64\debug\sdizo.pdb
c:\users\krzem\documents\repa\sdizo\sdizo\x64\debug\vc120.pdb
c:\users\krzem\documents\repa\sdizo\sdizo\x64\debug\vc140.pdb
c:\users\krzem\documents\repa\sdizo\sdizo\x64\debug\sdizo.exe
c:\users\krzem\documents\repa\sdizo\sdizo\x64\debug\sdizo.tlog\cl.command.1.tlog
c:\users\krzem\documents\repa\sdizo\sdizo\x64\debug\sdizo.tlog\cl.read.1.tlog
c:\users\krzem\documents\repa\sdizo\sdizo\x64\debug\sdizo.tlog\cl.write.1.tlog
c:\users\krzem\documents\repa\sdizo\sdizo\x64\debug\sdizo.tlog\link.command.1.tlog
c:\users\krzem\documents\repa\sdizo\sdizo\x64\debug\sdizo.tlog\link.read.1.tlog
c:\users\krzem\documents\repa\sdizo\sdizo\x64\debug\sdizo.tlog\link.write.1.tlog
c:\users\krzem\documents\repa\sdizo\sdizo\x64\debug\sdizo.tlog\rc.command.1.tlog
c:\users\krzem\documents\repa\sdizo\sdizo\x64\debug\sdizo.tlog\rc.read.1.tlog
c:\users\krzem\documents\repa\sdizo\sdizo\x64\debug\sdizo.tlog\rc.write.1.tlog
