  stdafx.cpp
  treeTestController.cpp
  structureTestController.cpp
  sdizo.cpp
  listMenu.cpp
  ListController.cpp
  List.cpp
  heapMenu.cpp
  HeapController.cpp
  Heap.cpp
  GenericController.cpp
  BST.cpp
  BSTMenu.cpp
  BSTController.cpp
  ArrayMenu.cpp
  ArrayController.cpp
  Array.cpp
  appMenu.cpp
  AppController.cpp
  rbTreeMenu.cpp
  rbTreeController.cpp
  Generating Code...
  Compiling...
  rbTree.cpp
  genericTestController.cpp
  Generating Code...
  sdizo.vcxproj -> C:\Users\krzem\Documents\Repa\sdizo\sdizo\x64\Debug\sdizo.exe
  sdizo.vcxproj -> C:\Users\krzem\Documents\Repa\sdizo\sdizo\x64\Debug\sdizo.pdb (Full PDB)
  C:\Users\krzem\Documents\Repa\sdizo\sdizo\resource\bst1.txt
  C:\Users\krzem\Documents\Repa\sdizo\sdizo\resource\bst2.txt
  C:\Users\krzem\Documents\Repa\sdizo\sdizo\resource\heap1.txt
  C:\Users\krzem\Documents\Repa\sdizo\sdizo\resource\heap2.txt
  C:\Users\krzem\Documents\Repa\sdizo\sdizo\resource\tab1.txt
          5 file(s) copied.
